更新日志：
v1.1  
1.调整目录结构，优化了大量点位，使路线更加合理，收益更多！
2.调整了晶蝶路线，现在的晶蝶路线更加富集了！
3.其他小改动若干~

v1.2
1.优化TP点位,调整刷怪路线
2.#删除了所有的骗骗花点位
3.去掉了部分空TP点位,增加了一些手动录的富集资源点位
4.增加了常规资源的采集点位

v1.3
1.#删除了出错的薄荷点位
2.增加调整优化了圣金虫的点位
3.增加了一些纱脂蛹的刷新点位
4.增加了t123鱼肉获取的点位[20]
5.增加了t12石珀获取的点位[20]
6.增加了t12树王圣体菇的点位[20]
7.增加了t2嘟嘟莲的点位[20]
8.增加了t123漂浮灵点位[150]
9.增加了t123武士刀镡点位[57] 由@Xcating#6804 提供
10.增加了t123的枣椰点位[18]

v1.3.2
1.#删除了部分出错的嘟嘟莲点位
2.修复了刀镡点位名称不一致的bug

v1.4
1.增加了骗骗花点位[12]
2.t3增加了少量星银矿点位
3.增加了少数手动录制的点位
4.#删除了甜甜花的bug点位[4]

v1.4.1
1.删除重复的漂浮灵点位[5]

v1.4.2
1.增加了摸鱼点位[18]
2.增加了镀金旅团点位[76]
3.增加了某几个彩蛋点位

v1.4.3
1.修复了某些出错的json点位
2.增加了愚人众的点位[52]
3.优化了晶蝶点位

v1.5
1.大幅度将本json进行重构去重，调整怪物点位的平均分布，使本json每天的刷怪收益趋近于（400精英怪+2000普通怪）上限的饱和！
2.#去除了常见物资的点位，本次去除的点位包含：兽肉，禽肉，薄荷，苹果，树莓等等。去除后该些物资仅顺路收集。
3.修复了使用本json合集时，自动拾取有时候不捡东西的bug。
4.调整了本json的传送顺序，现在的传送顺序为 狗粮 - 怪物 - 物资，当你临时有事时，刷完狗粮点+怪物点即可达成70%的收益。
5.增加了更多的矿点，去掉了已发现的空TP点，调整了48小时刷新的特产和72小时刷新的水晶矿的采集顺序，使你轮替使用本json3个合集的时候保证都已完成了特产和矿点的刷新CD
6.所有的怪物点都为纯手动录制，没有空点让你刷怪的效率更高效！

v1.5.1
1.重新打包了json,解决了去重时被污染的json点(大概...)
2.优化了结构,根据3天的顺序,去掉了3天之内会重合的点

v1.5.2
1.尝试修复错误

v1.5.3
1.感谢@Xcating#6804 补录的飘浮灵点位
2.修复闪退的点位

v1.5.4
1.增加了鱼肉点位

v.1.5.5
1.增加了神秘的肉点位[13]
2.优化了重合路线
3.删除了反馈的空TP点位

v1.5.6
1.删除了反馈的错误点位
2.打包添加一键cfg配置


v1.5.7
1.删除了:h48t25,48t280,h48k662,h24550,h24579,h48t401,h48t426,h48k_622等空TP点位
2.增加了青蛙和圣金虫的获取点位.感谢由群内大佬@小老弟 提供的点位.

v1.5.9
1.重构了圣遗物的调查点，尝试解决可能出现的自动拾取失效的问题

v1.6
1.尝试解决调查点的问题




